<?xml version="1.0" ?>
<coverage branch-rate="0.9615" branches-covered="25" branches-valid="26" complexity="0" line-rate="0.9701" lines-covered="162" lines-valid="167" timestamp="1612014230539" version="4.5.2">
	<!-- Generated by coverage.py: https://coverage.readthedocs.io -->
	<!-- Based on https://raw.githubusercontent.com/cobertura/web/master/htdocs/xml/coverage-04.dtd -->
	<sources>
		<source>/home/rory/gui-hypothesis-test</source>
	</sources>
	<packages>
		<package branch-rate="0.9615" complexity="0" line-rate="0.9701" name=".">
			<classes>
				<class branch-rate="0.9615" complexity="0" filename="binomial.py" line-rate="0.9359" name="binomial.py">
					<methods/>
					<lines>
						<line hits="1" number="1"/>
						<line hits="1" number="3"/>
						<line hits="1" number="5"/>
						<line hits="1" number="7"/>
						<line hits="1" number="8"/>
						<line hits="1" number="10"/>
						<line hits="0" number="16"/>
						<line hits="0" number="17"/>
						<line hits="0" number="18"/>
						<line hits="0" number="19"/>
						<line hits="1" number="21"/>
						<line branch="true" condition-coverage="100% (2/2)" hits="1" number="32"/>
						<line hits="1" number="33"/>
						<line branch="true" condition-coverage="100% (2/2)" hits="1" number="34"/>
						<line hits="1" number="35"/>
						<line hits="1" number="39"/>
						<line hits="1" number="41"/>
						<line hits="1" number="47"/>
						<line hits="1" number="49"/>
						<line branch="true" condition-coverage="100% (2/2)" hits="1" number="60"/>
						<line hits="1" number="61"/>
						<line hits="1" number="63"/>
						<line hits="1" number="65"/>
						<line hits="1" number="83"/>
						<line branch="true" condition-coverage="100% (2/2)" hits="1" number="92"/>
						<line hits="1" number="93"/>
						<line branch="true" condition-coverage="100% (2/2)" hits="1" number="94"/>
						<line hits="1" number="95"/>
						<line hits="1" number="97"/>
						<line hits="1" number="98"/>
						<line branch="true" condition-coverage="100% (2/2)" hits="1" number="100"/>
						<line hits="1" number="101"/>
						<line hits="1" number="103"/>
						<line hits="1" number="104"/>
						<line branch="true" condition-coverage="100% (2/2)" hits="1" number="106"/>
						<line hits="1" number="107"/>
						<line hits="1" number="108"/>
						<line hits="1" number="111"/>
						<line branch="true" condition-coverage="50% (1/2)" hits="1" missing-branches="119" number="118"/>
						<line hits="0" number="119"/>
						<line hits="1" number="121"/>
						<line hits="1" number="124"/>
						<line hits="1" number="130"/>
						<line hits="1" number="132"/>
						<line hits="1" number="138"/>
						<line hits="1" number="140"/>
						<line hits="1" number="145"/>
						<line hits="1" number="148"/>
						<line hits="1" number="153"/>
						<line hits="1" number="155"/>
						<line hits="1" number="156"/>
						<line branch="true" condition-coverage="100% (2/2)" hits="1" number="158"/>
						<line hits="1" number="159"/>
						<line hits="1" number="160"/>
						<line branch="true" condition-coverage="100% (2/2)" hits="1" number="163"/>
						<line hits="1" number="164"/>
						<line branch="true" condition-coverage="100% (2/2)" hits="1" number="167"/>
						<line hits="1" number="168"/>
						<line hits="1" number="172"/>
						<line hits="1" number="174"/>
						<line branch="true" condition-coverage="100% (2/2)" hits="1" number="178"/>
						<line hits="1" number="179"/>
						<line hits="1" number="181"/>
						<line hits="1" number="184"/>
						<line hits="1" number="190"/>
						<line hits="1" number="191"/>
						<line branch="true" condition-coverage="100% (2/2)" hits="1" number="192"/>
						<line hits="1" number="193"/>
						<line hits="1" number="195"/>
						<line hits="1" number="197"/>
						<line hits="1" number="198"/>
						<line hits="1" number="199"/>
						<line hits="1" number="200"/>
						<line hits="1" number="201"/>
						<line hits="1" number="203"/>
						<line hits="1" number="204"/>
						<line hits="1" number="205"/>
						<line hits="1" number="207"/>
					</lines>
				</class>
				<class branch-rate="1" complexity="0" filename="test_binomial.py" line-rate="1" name="test_binomial.py">
					<methods/>
					<lines>
						<line hits="1" number="1"/>
						<line hits="1" number="2"/>
						<line hits="1" number="4"/>
						<line hits="1" number="6"/>
						<line hits="1" number="7"/>
						<line hits="1" number="8"/>
						<line hits="1" number="9"/>
						<line hits="1" number="10"/>
						<line hits="1" number="11"/>
						<line hits="1" number="12"/>
						<line hits="1" number="14"/>
						<line hits="1" number="15"/>
						<line hits="1" number="16"/>
						<line hits="1" number="17"/>
						<line hits="1" number="20"/>
						<line hits="1" number="21"/>
						<line hits="1" number="22"/>
						<line hits="1" number="23"/>
						<line hits="1" number="24"/>
						<line hits="1" number="25"/>
						<line hits="1" number="26"/>
						<line hits="1" number="28"/>
						<line hits="1" number="29"/>
						<line hits="1" number="30"/>
						<line hits="1" number="32"/>
						<line hits="1" number="33"/>
						<line hits="1" number="34"/>
						<line hits="1" number="35"/>
						<line hits="1" number="36"/>
						<line hits="1" number="37"/>
						<line hits="1" number="38"/>
						<line hits="1" number="39"/>
						<line hits="1" number="40"/>
						<line hits="1" number="41"/>
						<line hits="1" number="43"/>
						<line hits="1" number="44"/>
						<line hits="1" number="45"/>
						<line hits="1" number="46"/>
						<line hits="1" number="47"/>
						<line hits="1" number="48"/>
						<line hits="1" number="49"/>
						<line hits="1" number="51"/>
						<line hits="1" number="52"/>
						<line hits="1" number="53"/>
						<line hits="1" number="54"/>
						<line hits="1" number="55"/>
						<line hits="1" number="56"/>
						<line hits="1" number="57"/>
						<line hits="1" number="59"/>
						<line hits="1" number="60"/>
						<line hits="1" number="61"/>
						<line hits="1" number="62"/>
						<line hits="1" number="63"/>
						<line hits="1" number="64"/>
						<line hits="1" number="65"/>
						<line hits="1" number="66"/>
						<line hits="1" number="67"/>
						<line hits="1" number="68"/>
						<line hits="1" number="69"/>
						<line hits="1" number="70"/>
						<line hits="1" number="71"/>
						<line hits="1" number="73"/>
						<line hits="1" number="74"/>
						<line hits="1" number="75"/>
						<line hits="1" number="77"/>
						<line hits="1" number="78"/>
						<line hits="1" number="79"/>
						<line hits="1" number="81"/>
						<line hits="1" number="82"/>
						<line hits="1" number="83"/>
						<line hits="1" number="84"/>
						<line hits="1" number="85"/>
						<line hits="1" number="86"/>
						<line hits="1" number="88"/>
						<line hits="1" number="89"/>
						<line hits="1" number="90"/>
						<line hits="1" number="91"/>
						<line hits="1" number="92"/>
						<line hits="1" number="93"/>
						<line hits="1" number="95"/>
						<line hits="1" number="96"/>
						<line hits="1" number="97"/>
						<line hits="1" number="98"/>
						<line hits="1" number="99"/>
						<line hits="1" number="100"/>
						<line hits="1" number="102"/>
						<line hits="1" number="103"/>
						<line hits="1" number="104"/>
						<line hits="1" number="105"/>
					</lines>
				</class>
			</classes>
		</package>
	</packages>
</coverage>
